2025-03-27.11:26:27
018 [ 5 octets ] : EF00EF3F7D7C7C20	614
036 [ 8 octets ] : 0E000029210000A0	1225
0B6 [ 8 octets ] : 93001400D87B7FD0	2451
0DF [ 3 octets ] : 100040FF00000000	245
0E6 [ 6 octets ] : 00D87BD87B650000	1229
0F6 [ 8 octets ] : 8E140107EC7C7C20	247
10B [ 6 octets ] : FFD40007F1000030	1226
110 [ 8 octets ] : FFFFFFFFFFFFFFFF	1187
115 [ 4 octets ] : 0200000000161600	1193
120 [ 8 octets ] : BC00000000000000	125
128 [ 8 octets ] : 012000008080A001	613
12D [ 8 octets ] : 5E64646464649800	246
131 [ 6 octets ] : 0110000000000000	1158
13E [ 8 octets ] : 1493005100140030	1226
14C [ 5 octets ] : 000000008006D00A	1225
15B [ 8 octets ] : 0103B24000D00010	242
161 [ 7 octets ] : 00008D500000FF00	248
165 [ 4 octets ] : 40C0000000140030	1161
167 [ 8 octets ] : 0100FFFF00000000	1222
168 [ 8 octets ] : 0000000000000000	617
16D [ 8 octets ] : C1005101C2000000	605
17E [ 8 octets ] : 9A2063C026000000	1230
18C [ 2 octets ] : 0000FFFFFFFFFFFF	1228
190 [ 8 octets ] : FFFFFFFFFFFFFFFF	589
1A1 [ 8 octets ] : 7FFF00FFFFFFFFFF	612
1A5 [ 1 octets ] : E02063C026000000	233
1A8 [ 8 octets ] : 000000000006D00A	610
1BE [ 8 octets ] : B400138240000000	1224
1CC [ 2 octets ] : 000000FFFFFFFFFF	1222
1D0 [ 7 octets ] : 1100011610161600	238
1E0 [ 5 octets ] : 0000000000000000	232
1E5 [ 7 octets ] : 3F3F483F3F0717FF	234
217 [ 8 octets ] : 9200000000FFFFE0	1197
21F [ 3 octets ] : 0000003F7D7C7C20	1225
221 [ 7 octets ] : 80FFFFFFFFFFFF00	125
225 [ 5 octets ] : 3000200486000000	234
227 [ 4 octets ] : 000000008006D004	248
24C [ 5 octets ] : 0400000000161600	1222
255 [ 5 octets ] : FFFF80FD00000000	120
260 [ 8 octets ] : 0103B24000D00010	249
261 [ 7 octets ] : 05098DFFFF73F800	119
265 [ 4 octets ] : 8100000086000000	233
26D [ 4 octets ] : 0000000040000000	243
28C [ 5 octets ] : 0400000000000000	1228
2A0 [ 1 octets ] : 0000FFFF00000000	245
2A1 [ 7 octets ] : 05098DFFFF73F800	121
2A5 [ 8 octets ] : 0000000000000000	233
2B6 [ 8 octets ] : 3030303030303030	121
2D5 [ 1 octets ] : 02005101C2000000	1193
2E1 [ 3 octets ] : 0DC400C026000000	126
2E5 [ 4 octets ] : 0000000000000000	112
315 [ 5 octets ] : FFFF807C0000FFE0	115
317 [ 8 octets ] : F70082C8C0000000	121
325 [ 3 octets ] : 000100FFFFFFFFFF	236
336 [ 3 octets ] : 564633D815650000	122
355 [ 2 octets ] : 0200138240000000	1193
361 [ 6 octets ] : 0910118010000000	239
365 [ 5 octets ] : 144D19000000FFFF	230
3A5 [ 6 octets ] : 01FFFFFF7F00FFFF	230
3A7 [ 8 octets ] : 24A080010201F605	244
3B6 [ 6 octets ] : 3030303030300000	122
3E5 [ 6 octets ] : 000000000000D008	234
3F6 [ 7 octets ] : 1382400000800000	119
50B [ 8 octets ] : 0900000000000000	121
50C [ 8 octets ] : 0900000000000000	119
512 [ 8 octets ] : AF00FC0000000000	125
51F [ 8 octets ] : 0900000000000000	121
520 [ 8 octets ] : 0900000000000000	112
525 [ 8 octets ] : 0D00000000000000	124
52D [ 8 octets ] : 0D00000000000000	117
